0 info it worked if it ends with ok
1 verbose cli [ 'C:\\Program Files\\nodejs\\node.exe',
1 verbose cli   'C:\\Program Files\\nodejs\\node_modules\\npm\\bin\\npm-cli.js',
1 verbose cli   'run',
1 verbose cli   'production' ]
2 info using npm@3.10.3
3 info using node@v6.3.0
4 verbose run-script [ 'preproduction', 'production', 'postproduction' ]
5 info lifecycle scanrest@1.0.0~preproduction: scanrest@1.0.0
6 silly lifecycle scanrest@1.0.0~preproduction: no script for preproduction, continuing
7 info lifecycle scanrest@1.0.0~production: scanrest@1.0.0
8 verbose lifecycle scanrest@1.0.0~production: unsafe-perm in lifecycle true
9 verbose lifecycle scanrest@1.0.0~production: PATH: C:\Program Files\nodejs\node_modules\npm\bin\node-gyp-bin;C:\Users\uneidel\Documents\github\Docker_USCAN\app\node_modules\.bin;C:\Program Files\nodejs;C:\Users\uneidel\AppData\Roaming\npm;C:\Program Files\nodejs\;C:\ProgramData\Oracle\Java\javapath;C:\Program Files\Common Files\Microsoft Shared\Microsoft Online Services;C:\Program Files (x86)\Common Files\Microsoft Shared\Microsoft Online Services;C:\windows\system32;C:\windows;C:\windows\System32\Wbem;C:\windows\System32\WindowsPowerShell\v1.0\;C:\Users\uneidel\.dnx\bin;C:\Program Files\Microsoft DNX\Dnvm\;C:\Program Files\Microsoft SQL Server\130\Tools\Binn\;C:\Program Files (x86)\Windows Kits\10\Windows Performance Toolkit\;C:\Program Files\Git\cmd;C:\Program Files\nodejs\;C:\Program Files\Microsoft\Web Platform Installer\;C:\Program Files (x86)\Microsoft VS Code\bin;C:\Users\uneidel\AppData\Local\atom\bin;C:\Users\uneidel\AppData\Roaming\npm
10 verbose lifecycle scanrest@1.0.0~production: CWD: C:\Users\uneidel\Documents\github\Docker_USCAN\app
11 silly lifecycle scanrest@1.0.0~production: Args: [ '/d /s /c', 'export NODE_ENV=production; node index.js' ]
12 silly lifecycle scanrest@1.0.0~production: Returned: code: 1  signal: null
13 info lifecycle scanrest@1.0.0~production: Failed to exec production script
14 verbose stack Error: scanrest@1.0.0 production: `export NODE_ENV=production; node index.js`
14 verbose stack Exit status 1
14 verbose stack     at EventEmitter.<anonymous> (C:\Program Files\nodejs\node_modules\npm\lib\utils\lifecycle.js:242:16)
14 verbose stack     at emitTwo (events.js:106:13)
14 verbose stack     at EventEmitter.emit (events.js:191:7)
14 verbose stack     at ChildProcess.<anonymous> (C:\Program Files\nodejs\node_modules\npm\lib\utils\spawn.js:40:14)
14 verbose stack     at emitTwo (events.js:106:13)
14 verbose stack     at ChildProcess.emit (events.js:191:7)
14 verbose stack     at maybeClose (internal/child_process.js:852:16)
14 verbose stack     at Process.ChildProcess._handle.onexit (internal/child_process.js:215:5)
15 verbose pkgid scanrest@1.0.0
16 verbose cwd C:\Users\uneidel\Documents\github\Docker_USCAN\app
17 error Windows_NT 10.0.10586
18 error argv "C:\\Program Files\\nodejs\\node.exe" "C:\\Program Files\\nodejs\\node_modules\\npm\\bin\\npm-cli.js" "run" "production"
19 error node v6.3.0
20 error npm  v3.10.3
21 error code ELIFECYCLE
22 error scanrest@1.0.0 production: `export NODE_ENV=production; node index.js`
22 error Exit status 1
23 error Failed at the scanrest@1.0.0 production script 'export NODE_ENV=production; node index.js'.
23 error Make sure you have the latest version of node.js and npm installed.
23 error If you do, this is most likely a problem with the scanrest package,
23 error not with npm itself.
23 error Tell the author that this fails on your system:
23 error     export NODE_ENV=production; node index.js
23 error You can get information on how to open an issue for this project with:
23 error     npm bugs scanrest
23 error Or if that isn't available, you can get their info via:
23 error     npm owner ls scanrest
23 error There is likely additional logging output above.
24 verbose exit [ 1, true ]
